c:\users\moaya\documents\github\riskcomp345\risk\risk\debug\vc142.pdb
c:\users\moaya\documents\github\riskcomp345\risk\risk\debug\vc142.idb
c:\users\moaya\documents\github\riskcomp345\risk\risk\debug\playerdriver.obj
c:\users\moaya\documents\github\riskcomp345\risk\risk\debug\player.obj
c:\users\moaya\documents\github\riskcomp345\risk\risk\debug\maploaderdriver.obj
c:\users\moaya\documents\github\riskcomp345\risk\risk\debug\maploader.obj
c:\users\moaya\documents\github\riskcomp345\risk\risk\debug\mapdriver.obj
c:\users\moaya\documents\github\riskcomp345\risk\risk\debug\map.obj
c:\users\moaya\documents\github\riskcomp345\risk\risk\debug\main.obj
c:\users\moaya\documents\github\riskcomp345\risk\risk\debug\gameobservers.obj
c:\users\moaya\documents\github\riskcomp345\risk\risk\debug\gameengine.obj
c:\users\moaya\documents\github\riskcomp345\risk\risk\debug\dicedriver.obj
c:\users\moaya\documents\github\riskcomp345\risk\risk\debug\dice.obj
c:\users\moaya\documents\github\riskcomp345\risk\risk\debug\conquestmaploader.obj
c:\users\moaya\documents\github\riskcomp345\risk\risk\debug\cardsdriver.obj
c:\users\moaya\documents\github\riskcomp345\risk\risk\debug\cards.obj
c:\users\moaya\documents\github\riskcomp345\risk\risk\debug\playerstrategies.obj
c:\users\moaya\documents\github\riskcomp345\risk\debug\risk.exe
c:\users\moaya\documents\github\riskcomp345\risk\debug\risk.ilk
c:\users\moaya\documents\github\riskcomp345\risk\debug\risk.pdb
c:\users\moaya\documents\github\riskcomp345\risk\risk\debug\gameengine.new.obj.enc
c:\users\moaya\documents\github\riskcomp345\risk\risk\debug\risk.tlog\cl.command.1.tlog
c:\users\moaya\documents\github\riskcomp345\risk\risk\debug\risk.tlog\cl.read.1.tlog
c:\users\moaya\documents\github\riskcomp345\risk\risk\debug\risk.tlog\cl.write.1.tlog
c:\users\moaya\documents\github\riskcomp345\risk\risk\debug\risk.tlog\link.command.1.tlog
c:\users\moaya\documents\github\riskcomp345\risk\risk\debug\risk.tlog\link.read.1.tlog
c:\users\moaya\documents\github\riskcomp345\risk\risk\debug\risk.tlog\link.write.1.tlog
